
----------------------------------------------------------
Simulation parameters 
----------------------------------------------------------
Number of particles:                 200 
Box length:                    2.500e+01 nm
Box volume:                    1.562e+04 nm^3
Density:                       2.566e-04 g/cm^3

Time step:                         0.250 ps
Number of time steps:                999
Simulation time:               2.498e+02 ps

Ensemble:                            NVT
Thermostat temperature:             1000 K
Thermostat coupling:           1.000e+00 ps

Lower cutoff radius:               0.010 nm
----------------------------------------------------------
Elapsed time:                    221.642 s
Elapsed time per time step:        0.222 s
Time stamp:                   2026-07-22 14:43:47 s
----------------------------------------------------------
END
----------------------------------------------------------
