
----------------------------------------------------------
Simulation parameters 
----------------------------------------------------------
Number of particles:                 200 
Box length:                    7.500e+01 nm
Box volume:                    4.219e+05 nm^3
Density:                       9.502e-06 g/cm^3

Time step:                         0.300 ps
Number of time steps:                999
Simulation time:               2.997e+02 ps

Ensemble:                            NVT
Thermostat temperature:             1000 K
Thermostat coupling:           1.000e+00 ps

Lower cutoff radius:               0.010 nm
----------------------------------------------------------
Elapsed time:                    309.817 s
Elapsed time per time step:        0.310 s
Time stamp:                   2026-07-22 15:23:34 s
----------------------------------------------------------
END
----------------------------------------------------------
