
----------------------------------------------------------
Simulation parameters 
----------------------------------------------------------
Number of particles:                 200 
Box length:                    5.000e+01 nm
Box volume:                    1.250e+05 nm^3
Density:                       4.815e-05 g/cm^3

Time step:                         0.250 ps
Number of time steps:                999
Simulation time:               2.498e+02 ps

Ensemble:                            NVT
Thermostat temperature:              350 K
Thermostat coupling:           1.000e+00 ps

Lower cutoff radius:               0.010 nm
----------------------------------------------------------
Elapsed time:                    148.013 s
Elapsed time per time step:        0.148 s
Time stamp:                   2026-07-22 20:22:03 s
----------------------------------------------------------
END
----------------------------------------------------------
